[2026-03-01 21:42:05] [run-failed] mode=sample rc=2 reason=步骤失败或漂移告警 report=/home/afu/projects/investor-method-lab/output/pai_loop/latest_report.md
[2026-03-01 21:42:08] [notify-ok] sent via feishu app script
[2026-03-02 09:10:58] [run-failed] mode=real rc=2 reason=步骤失败或漂移告警 report=/home/afu/projects/investor-method-lab/output/pai_loop/latest_report.md
[2026-03-02 09:10:59] [notify-ok] sent via feishu app script
[2026-03-04 09:10:14] [run-failed] mode=real rc=2 reason=步骤失败或漂移告警 report=/home/afu/projects/investor-method-lab/output/pai_loop/latest_report.md
[2026-03-04 09:10:15] [notify-ok] sent via feishu app script
[2026-03-05 09:50:43] [run-failed] mode=real rc=2 reason=步骤失败或漂移告警 report=/home/afu/projects/investor-method-lab/output/pai_loop/latest_report.md
[2026-03-05 09:50:44] [notify-ok] sent via feishu app script
[2026-03-06 09:13:12] [run-failed] mode=real rc=2 reason=步骤失败或漂移告警 report=/home/afu/projects/investor-method-lab/output/pai_loop/latest_report.md
[2026-03-06 09:13:14] [notify-ok] sent via feishu app script
[2026-03-07 00:45:18] [run-failed] mode=real rc=2 reason=步骤失败或漂移告警 report=/Users/lucas/projects/investor-method-lab/output/pai_loop/latest_report.md
[2026-03-07 00:45:19] [notify-ok] sent via feishu app script
[2026-03-07 11:09:40] [run-failed] mode=real rc=120 reason=执行异常 report=/Users/lucas/projects/investor-method-lab/output/pai_loop/latest_report.md
[2026-03-07 11:09:40] [notify-skipped] webhook not configured and app sender missing
[2026-03-10 19:59:05] [notify-ok] sent via feishu app script
[2026-03-10 19:59:06] [notify-ok] sent via feishu app script
[2026-03-11 09:38:59] [notify-ok] sent via feishu app script
[2026-03-11 09:39:01] [notify-ok] sent via feishu app script
[2026-03-11 09:39:01] [dual-modules-sent] json=/Users/lucas/projects/investor-method-lab/output/pai_loop/latest_dual_daily_modules.json
[2026-03-12 09:13:33] [notify-ok] sent via feishu app script
[2026-03-12 09:13:34] [notify-ok] sent via feishu app script
[2026-03-12 09:13:34] [dual-modules-sent] json=/Users/lucas/projects/investor-method-lab/output/pai_loop/latest_dual_daily_modules.json
[2026-03-13 09:34:55] [notify-ok] sent via feishu app script
[2026-03-13 09:34:56] [notify-ok] sent via feishu app script
[2026-03-13 09:34:56] [dual-modules-sent] json=/Users/lucas/projects/investor-method-lab/output/pai_loop/latest_dual_daily_modules.json
[2026-03-14 09:17:04] [notify-ok] sent via feishu app script
[2026-03-14 09:17:05] [notify-ok] sent via feishu app script
[2026-03-14 09:17:05] [dual-modules-sent] json=/Users/lucas/projects/investor-method-lab/output/pai_loop/latest_dual_daily_modules.json
[2026-03-15 10:11:53] [run-failed] mode=real rc=2 reason=步骤失败或漂移告警 report=/Users/lucas/projects/investor-method-lab/output/pai_loop/latest_report.md
[2026-03-15 10:11:53] [notify-failed] app script rc=1 detail=TypeError: FeishuDeliveryConfig.__init__() missing 1 required positional argument: 'receive_id_type'
[2026-03-16 09:14:20] [notify-failed] app script rc=1 detail=TypeError: FeishuDeliveryConfig.__init__() missing 1 required positional argument: 'receive_id_type'
[2026-03-16 09:14:20] [notify-failed] app script rc=1 detail=TypeError: FeishuDeliveryConfig.__init__() missing 1 required positional argument: 'receive_id_type'
[2026-03-16 09:14:20] [dual-modules-sent] json=/Users/lucas/projects/investor-method-lab/output/pai_loop/latest_dual_daily_modules.json
[2026-03-17 09:57:36] [run-failed] mode=real rc=2 reason=步骤失败或漂移告警 report=/Users/lucas/projects/investor-method-lab/output/pai_loop/latest_report.md
[2026-03-17 09:57:36] [notify-failed] app script rc=1 detail=TypeError: FeishuDeliveryConfig.__init__() missing 1 required positional argument: 'receive_id_type'
[2026-03-18 09:49:04] [run-failed] mode=real rc=2 reason=步骤失败或漂移告警 report=/Users/lucas/projects/investor-method-lab/output/pai_loop/latest_report.md
[2026-03-18 09:49:04] [notify-failed] app script rc=1 detail=TypeError: FeishuDeliveryConfig.__init__() missing 1 required positional argument: 'receive_id_type'
[2026-03-19 09:54:01] [run-failed] mode=real rc=2 reason=步骤失败或漂移告警 report=/Users/lucas/projects/investor-method-lab/output/pai_loop/latest_report.md
[2026-03-19 09:54:01] [notify-failed] app script rc=1 detail=TypeError: FeishuDeliveryConfig.__init__() missing 1 required positional argument: 'receive_id_type'
