[task-report] start task=跟投实时闭环链路 at=2026-03-11 09:10:00 CST self_notify=1 mode=failure
[pai-loop-guard] mode=real started_at=2026-03-11 09:10:00
[pai-loop] run_id=20260311_091000
[pai-loop] report=/Users/lucas/projects/investor-method-lab/output/pai_loop/20260311_091000/report.md
[pai-loop] failed_steps=False drift_alerts=0
{"sent": true, "reason": null, "title": "【特别关注｜深度DCF校准】2026-03-10", "timestamp": "2026-03-11T01:38:59.897449+00:00", "channel": "app", "message_format": "text", "fallback_to_text": false, "delivery_channel": "app"}
{"sent": true, "reason": null, "title": "【机会挖掘｜新增候选】2026-03-10", "timestamp": "2026-03-11T01:39:01.117955+00:00", "channel": "app", "message_format": "text", "fallback_to_text": false, "delivery_channel": "app"}
[pai-loop-guard] completed mode=real rc=0
[task-report] skip push task=跟投实时闭环链路 reason=self_notify_success_or_mode
[task-report] end task=跟投实时闭环链路 result=OK duration=1741s
[task-report] start task=跟投实时闭环链路 at=2026-03-12 09:10:00 CST self_notify=1 mode=failure
[pai-loop-guard] mode=real started_at=2026-03-12 09:10:00
[pai-loop] run_id=20260312_091000
[pai-loop] report=/Users/lucas/projects/investor-method-lab/output/pai_loop/20260312_091000/report.md
[pai-loop] failed_steps=False drift_alerts=0
{"sent": true, "reason": null, "title": "【特别关注｜深度DCF校准】2026-03-11", "timestamp": "2026-03-12T01:13:33.745200+00:00", "channel": "app", "message_format": "text", "fallback_to_text": false, "delivery_channel": "app"}
{"sent": true, "reason": null, "title": "【机会挖掘｜新增候选】2026-03-11", "timestamp": "2026-03-12T01:13:34.943713+00:00", "channel": "app", "message_format": "text", "fallback_to_text": false, "delivery_channel": "app"}
[pai-loop-guard] completed mode=real rc=0
[task-report] skip push task=跟投实时闭环链路 reason=self_notify_success_or_mode
[task-report] end task=跟投实时闭环链路 result=OK duration=214s
[task-report] start task=跟投实时闭环链路 at=2026-03-13 09:10:00 CST self_notify=1 mode=failure
[pai-loop-guard] mode=real started_at=2026-03-13 09:10:00
[pai-loop] run_id=20260313_091001
[pai-loop] report=/Users/lucas/projects/investor-method-lab/output/pai_loop/20260313_091001/report.md
[pai-loop] failed_steps=False drift_alerts=0
{"sent": true, "reason": null, "title": "【特别关注｜深度DCF校准】2026-03-12", "timestamp": "2026-03-13T01:34:55.366812+00:00", "channel": "app", "message_format": "text", "fallback_to_text": false, "delivery_channel": "app"}
{"sent": true, "reason": null, "title": "【机会挖掘｜新增候选】2026-03-12", "timestamp": "2026-03-13T01:34:56.566586+00:00", "channel": "app", "message_format": "text", "fallback_to_text": false, "delivery_channel": "app"}
[pai-loop-guard] completed mode=real rc=0
[task-report] skip push task=跟投实时闭环链路 reason=self_notify_success_or_mode
[task-report] end task=跟投实时闭环链路 result=OK duration=1496s
[task-report] start task=跟投实时闭环链路 at=2026-03-14 09:10:00 CST self_notify=1 mode=failure
[pai-loop-guard] mode=real started_at=2026-03-14 09:10:00
[pai-loop] run_id=20260314_091001
[pai-loop] report=/Users/lucas/projects/investor-method-lab/output/pai_loop/20260314_091001/report.md
[pai-loop] failed_steps=False drift_alerts=0
{"sent": true, "reason": null, "title": "【特别关注｜深度DCF校准】2026-03-12", "timestamp": "2026-03-14T01:17:04.001773+00:00", "channel": "app", "message_format": "text", "fallback_to_text": false, "delivery_channel": "app"}
{"sent": true, "reason": null, "title": "【机会挖掘｜新增候选】2026-03-12", "timestamp": "2026-03-14T01:17:05.069742+00:00", "channel": "app", "message_format": "text", "fallback_to_text": false, "delivery_channel": "app"}
[pai-loop-guard] completed mode=real rc=0
[task-report] skip push task=跟投实时闭环链路 reason=self_notify_success_or_mode
[task-report] end task=跟投实时闭环链路 result=OK duration=425s
[task-report] start task=跟投实时闭环链路 at=2026-03-15 09:10:00 CST self_notify=1 mode=failure
[pai-loop-guard] mode=real started_at=2026-03-15 09:10:00
[pai-loop] run_id=20260315_091000
[pai-loop] report=/Users/lucas/projects/investor-method-lab/output/pai_loop/20260315_091000/report.md
[pai-loop] failed_steps=True drift_alerts=0
[pai-loop-guard] failed rc=2
[task-report] report pushed task=跟投实时闭环链路
[task-report] end task=跟投实时闭环链路 result=FAIL(rc=2) duration=3713s
[task-report] start task=跟投实时闭环链路 at=2026-03-16 09:10:00 CST self_notify=1 mode=failure
[pai-loop-guard] mode=real started_at=2026-03-16 09:10:00
[pai-loop] run_id=20260316_091000
[pai-loop] report=/Users/lucas/projects/investor-method-lab/output/pai_loop/20260316_091000/report.md
[pai-loop] failed_steps=False drift_alerts=0
[pai-loop-guard] completed mode=real rc=0
[task-report] self-notify success not detected, fallback push enabled task=跟投实时闭环链路
[task-report] report pushed task=跟投实时闭环链路
[task-report] end task=跟投实时闭环链路 result=OK duration=260s
[task-report] start task=跟投实时闭环链路 at=2026-03-17 09:10:00 CST self_notify=1 mode=failure
[pai-loop-guard] mode=real started_at=2026-03-17 09:10:00
[pai-loop] run_id=20260317_091001
[pai-loop] report=/Users/lucas/projects/investor-method-lab/output/pai_loop/20260317_091001/report.md
[pai-loop] failed_steps=True drift_alerts=0
[pai-loop-guard] failed rc=2
[task-report] report pushed task=跟投实时闭环链路
[task-report] end task=跟投实时闭环链路 result=FAIL(rc=2) duration=2856s
[task-report] start task=跟投实时闭环链路 at=2026-03-18 09:10:00 CST self_notify=1 mode=failure
[pai-loop-guard] mode=real started_at=2026-03-18 09:10:00
[pai-loop] run_id=20260318_091000
[pai-loop] report=/Users/lucas/projects/investor-method-lab/output/pai_loop/20260318_091000/report.md
[pai-loop] failed_steps=True drift_alerts=0
[pai-loop-guard] failed rc=2
[task-report] report pushed task=跟投实时闭环链路
[task-report] end task=跟投实时闭环链路 result=FAIL(rc=2) duration=2344s
[task-report] start task=跟投实时闭环链路 at=2026-03-19 09:10:00 CST self_notify=1 mode=failure
[pai-loop-guard] mode=real started_at=2026-03-19 09:10:00
[pai-loop] run_id=20260319_091000
[pai-loop] report=/Users/lucas/projects/investor-method-lab/output/pai_loop/20260319_091000/report.md
[pai-loop] failed_steps=True drift_alerts=0
[pai-loop-guard] failed rc=2
[task-report] report pushed task=跟投实时闭环链路
[task-report] end task=跟投实时闭环链路 result=FAIL(rc=2) duration=2641s
[task-report] start task=跟投实时闭环链路 at=2026-03-20 09:10:00 CST self_notify=1 mode=failure
[pai-loop-guard] mode=real started_at=2026-03-20 09:10:00
[pai-loop] run_id=20260320_091000
[pai-loop] report=/Users/lucas/projects/investor-method-lab/output/pai_loop/20260320_091000/report.md
[pai-loop] failed_steps=True drift_alerts=0
[pai-loop-guard] failed rc=2
[task-report] report pushed task=跟投实时闭环链路
[task-report] end task=跟投实时闭环链路 result=FAIL(rc=2) duration=5486s
